#
# A fatal error has been detected by the Java Runtime Environment:
#
#  EXCEPTION_ACCESS_VIOLATION (0xc0000005) at pc=0x000000006fca4199, pid=12188, tid=0x0000000000003ae0
#
# JRE version: Java(TM) SE Runtime Environment (8.0_131-b11) (build 1.8.0_131-b11)
# Java VM: Java HotSpot(TM) 64-Bit Server VM (25.131-b11 mixed mode windows-amd64 compressed oops)
# Problematic frame:
# C  [nvoglv64.DLL+0x1434199]
#
# Failed to write core dump. Minidumps are not enabled by default on client versions of Windows
#
# If you would like to submit a bug report, please visit:
#   http://bugreport.java.com/bugreport/crash.jsp
# The crash happened outside the Java Virtual Machine in native code.
# See problematic frame for where to report the bug.
#

---------------  T H R E A D  ---------------

Current thread (0x000000001aaf7800):  JavaThread "jME3 Main" [_thread_in_native, id=15072, stack(0x000000001fa40000,0x000000001fb40000)]

siginfo: ExceptionCode=0xc0000005, reading address 0x000000003b896000

Registers:
RAX=0x0000000000000136, RBX=0x0000000022ebc480, RCX=0x0000000000000148, RDX=0x0000000018993430
RSP=0x000000001fb3e8a8, RBP=0x000000003b84f8b0, RSI=0x000000003b896000, RDI=0x0000000022f02bd0
R8 =0x0000000000046898, R9 =0x0000000000000008, R10=0x000000003b84f8b0, R11=0x0000000022ebc480
R12=0x00000000000080e0, R13=0x0000000000000000, R14=0x0000000000000136, R15=0x0000000000001401
RIP=0x000000006fca4199, EFLAGS=0x0000000000010207

Top of Stack: (sp=0x000000001fb3e8a8)
0x000000001fb3e8a8:   0000000000046898 00000000224ca080
0x000000001fb3e8b8:   000000006eff25c8 0000000000000136
0x000000001fb3e8c8:   0000000000000000 0000000024d82267
0x000000001fb3e8d8:   0000000000000000 00000000000080e0
0x000000001fb3e8e8:   0000000000001401 000000003b84f8b0
0x000000001fb3e8f8:   0000000000000000 0000000000046898
0x000000001fb3e908:   0000000100000f28 000000001aaf7800
0x000000001fb3e918:   000000001fb3eae8 0000000026429f38
0x000000001fb3e928:   0000000000000000 0000000000000007
0x000000001fb3e938:   0000000000000000 000000001fb3ea70
0x000000001fb3e948:   0000000020adc32a 0000000000000de1
0x000000001fb3e958:   0000000000000000 0000000000008051
0x000000001fb3e968:   0000000026429f38 0000000000000136
0x000000001fb3e978:   0000000000000000 00000000000080e0
0x000000001fb3e988:   0000000000001401 000000003b84f8b0
0x000000001fb3e998:   000000001fb3e998 000000002656fe82 

Instructions: (pc=0x000000006fca4199)
0x000000006fca4179:   03 c0 48 3b c8 0f 8c 96 03 00 00 0f ba 25 b4 1b
0x000000006fca4189:   8e 00 01 73 13 57 56 48 8b f9 49 8b f2 49 8b c8
0x000000006fca4199:   f3 a4 5e 5f 49 8b c3 c3 0f ba 25 97 1b 8e 00 02
0x000000006fca41a9:   0f 82 56 02 00 00 f6 c1 07 74 36 f6 c1 01 74 0b 


Register to memory mapping:

RAX=0x0000000000000136 is an unknown value
RBX=0x0000000022ebc480 is an unknown value
RCX=0x0000000000000148 is an unknown value
RDX=0x0000000018993430 is an unknown value
RSP=0x000000001fb3e8a8 is pointing into the stack for thread: 0x000000001aaf7800
RBP=0x000000003b84f8b0 is an unknown value
RSI=0x000000003b896000 is an unknown value
RDI=0x0000000022f02bd0 is an unknown value
R8 =0x0000000000046898 is an unknown value
R9 =0x0000000000000008 is an unknown value
R10=0x000000003b84f8b0 is an unknown value
R11=0x0000000022ebc480 is an unknown value
R12=0x00000000000080e0 is an unknown value
R13=0x0000000000000000 is an unknown value
R14=0x0000000000000136 is an unknown value
R15=0x0000000000001401 is an unknown value


Stack: [0x000000001fa40000,0x000000001fb40000],  sp=0x000000001fb3e8a8,  free space=1018k
Native frames: (J=compiled Java code, j=interpreted, Vv=VM code, C=native code)
C  [nvoglv64.DLL+0x1434199]
C  0x0000000000046898

Java frames: (J=compiled Java code, j=interpreted, Vv=VM code)
j  org.lwjgl.opengl.GL11.nglTexImage2D(IIIIIIIIJJ)V+0
j  org.lwjgl.opengl.GL11.glTexImage2D(IIIIIIIILjava/nio/ByteBuffer;)V+63
j  com.jme3.renderer.lwjgl.LwjglGL.glTexImage2D(IIIIIIIILjava/nio/ByteBuffer;)V+20
j  com.jme3.renderer.opengl.TextureUtil.uploadTextureLevel(Lcom/jme3/renderer/opengl/GLImageFormat;IIIIIIIILjava/nio/ByteBuffer;)V+281
j  com.jme3.renderer.opengl.TextureUtil.uploadTexture(Lcom/jme3/texture/Image;IIZ)V+271
j  com.jme3.renderer.opengl.GLRenderer.updateTexImageData(Lcom/jme3/texture/Image;Lcom/jme3/texture/Texture$Type;IZ)V+710
J 6748 C2 com.jme3.material.Material.updateShaderMaterialParameters(Lcom/jme3/renderer/Renderer;Lcom/jme3/shader/Shader;Lcom/jme3/util/SafeArrayList;Lcom/jme3/util/SafeArrayList;)V (155 bytes) @ 0x0000000003b7128c [0x0000000003b70f00+0x38c]
J 6830 C2 com.jme3.material.Material.render(Lcom/jme3/scene/Geometry;Lcom/jme3/light/LightList;Lcom/jme3/renderer/RenderManager;)V (126 bytes) @ 0x0000000004084088 [0x0000000004083700+0x988]
J 7025 C2 com.jme3.renderer.RenderManager.renderGeometry(Lcom/jme3/scene/Geometry;)V (241 bytes) @ 0x000000000413eb78 [0x000000000413da20+0x1158]
J 6906 C2 com.jme3.renderer.queue.RenderQueue.renderGeometryList(Lcom/jme3/renderer/queue/GeometryList;Lcom/jme3/renderer/RenderManager;Lcom/jme3/renderer/Camera;Z)V (77 bytes) @ 0x00000000040d0378 [0x00000000040d0280+0xf8]
j  com.jme3.renderer.queue.RenderQueue.renderShadowQueue(Lcom/jme3/renderer/queue/GeometryList;Lcom/jme3/renderer/RenderManager;Lcom/jme3/renderer/Camera;Z)V+6
j  com.jme3.shadow.AbstractShadowRenderer.renderShadowMap(I)V+103
j  com.jme3.shadow.AbstractShadowRenderer.postQueue(Lcom/jme3/renderer/queue/RenderQueue;)V+95
j  com.jme3.shadow.AbstractShadowFilter.postQueue(Lcom/jme3/renderer/queue/RenderQueue;)V+5
J 6954 C1 com.jme3.post.FilterPostProcessor.postQueue(Lcom/jme3/renderer/queue/RenderQueue;)V (50 bytes) @ 0x00000000040f16e4 [0x00000000040f1360+0x384]
J 3454 C1 com.jme3.renderer.RenderManager.renderViewPort(Lcom/jme3/renderer/ViewPort;F)V (465 bytes) @ 0x000000000385351c [0x0000000003851e00+0x171c]
J 7074 C1 com.jme3.renderer.RenderManager.render(FZ)V (229 bytes) @ 0x00000000041512f4 [0x0000000004150380+0xf74]
J 6783 C1 com.jme3.app.SimpleApplication.update()V (235 bytes) @ 0x0000000003755e04 [0x00000000037550c0+0xd44]
J 6782 C1 com.jme3.system.lwjgl.LwjglAbstractDisplay.runLoop()V (141 bytes) @ 0x00000000037572cc [0x0000000003757060+0x26c]
J 6781 C1 com.jme3.system.lwjgl.LwjglCanvas.runLoop()V (226 bytes) @ 0x0000000003ea285c [0x0000000003ea1640+0x121c]
j  com.jme3.system.lwjgl.LwjglAbstractDisplay.run()V+136
j  java.lang.Thread.run()V+11
v  ~StubRoutines::call_stub

---------------  P R O C E S S  ---------------

Java Threads: ( => current thread )
  0x00000000212a4800 JavaThread "Prism Font Disposer" daemon [_thread_blocked, id=18036, stack(0x0000000030830000,0x0000000030930000)]
  0x00000000212a3800 JavaThread "LWJGL Timer" daemon [_thread_blocked, id=13784, stack(0x000000002cae0000,0x000000002cbe0000)]
  0x00000000212aa800 JavaThread "jME3 Audio Decoder" daemon [_thread_blocked, id=14800, stack(0x0000000027750000,0x0000000027850000)]
  0x00000000212a2000 JavaThread "DestroyJavaVM" [_thread_blocked, id=18808, stack(0x0000000002bd0000,0x0000000002cd0000)]
  0x000000001aaf9000 JavaThread "Thread-6" daemon [_thread_in_native, id=15756, stack(0x0000000023010000,0x0000000023110000)]
  0x000000001aaf8800 JavaThread "D3D Screen Updater" daemon [_thread_blocked, id=4632, stack(0x0000000023110000,0x0000000023210000)]
  0x000000001aaf7000 JavaThread "JavaFX Application Thread" [_thread_in_native, id=6260, stack(0x00000000223c0000,0x00000000224c0000)]
  0x000000001aaf6000 JavaThread "Thread-5" daemon [_thread_blocked, id=14988, stack(0x00000000222c0000,0x00000000223c0000)]
  0x000000001aaf5800 JavaThread "AWT-EventQueue-0" [_thread_blocked, id=2960, stack(0x00000000209a0000,0x0000000020aa0000)]
=>0x000000001aaf7800 JavaThread "jME3 Main" [_thread_in_native, id=15072, stack(0x000000001fa40000,0x000000001fb40000)]
  0x000000001aafa000 JavaThread "AWT-Windows" daemon [_thread_in_native, id=12252, stack(0x000000001b600000,0x000000001b700000)]
  0x000000001aafa800 JavaThread "AWT-Shutdown" [_thread_blocked, id=5040, stack(0x000000001b500000,0x000000001b600000)]
  0x000000001aafc000 JavaThread "Java2D Disposer" daemon [_thread_blocked, id=1680, stack(0x000000001b400000,0x000000001b500000)]
  0x000000001aafb800 JavaThread "QuantumRenderer-0" daemon [_thread_blocked, id=13912, stack(0x000000001b180000,0x000000001b280000)]
  0x0000000019dae800 JavaThread "Service Thread" daemon [_thread_blocked, id=1580, stack(0x000000001a780000,0x000000001a880000)]
  0x0000000019d18800 JavaThread "C1 CompilerThread3" daemon [_thread_blocked, id=5868, stack(0x000000001a680000,0x000000001a780000)]
  0x0000000019d0e000 JavaThread "C2 CompilerThread2" daemon [_thread_blocked, id=12544, stack(0x000000001a580000,0x000000001a680000)]
  0x0000000019d0b000 JavaThread "C2 CompilerThread1" daemon [_thread_blocked, id=12948, stack(0x000000001a480000,0x000000001a580000)]
  0x0000000019d07000 JavaThread "C2 CompilerThread0" daemon [_thread_blocked, id=2832, stack(0x000000001a380000,0x000000001a480000)]
  0x0000000019d06000 JavaThread "Attach Listener" daemon [_thread_blocked, id=14136, stack(0x000000001a280000,0x000000001a380000)]
  0x0000000019d05800 JavaThread "Signal Dispatcher" daemon [_thread_blocked, id=8572, stack(0x000000001a180000,0x000000001a280000)]
  0x0000000019ca0800 JavaThread "Finalizer" daemon [_thread_blocked, id=9048, stack(0x000000001a080000,0x000000001a180000)]
  0x0000000017dbd800 JavaThread "Reference Handler" daemon [_thread_blocked, id=16216, stack(0x0000000019b80000,0x0000000019c80000)]

Other Threads:
  0x0000000017db9000 VMThread [stack: 0x0000000019a80000,0x0000000019b80000] [id=13668]
  0x0000000019e0d800 WatcherThread [stack: 0x000000001a880000,0x000000001a980000] [id=14088]

VM state:not at safepoint (normal execution)

VM Mutex/Monitor currently owned by a thread: None

Heap:
 PSYoungGen      total 561152K, used 473406K [0x00000000d5a00000, 0x0000000100000000, 0x0000000100000000)
  eden space 437248K, 83% used [0x00000000d5a00000,0x00000000ebf63d78,0x00000000f0500000)
  from space 123904K, 86% used [0x00000000f0500000,0x00000000f6debcb0,0x00000000f7e00000)
  to   space 133120K, 0% used [0x00000000f7e00000,0x00000000f7e00000,0x0000000100000000)
 ParOldGen       total 989696K, used 710788K [0x0000000080e00000, 0x00000000bd480000, 0x00000000d5a00000)
  object space 989696K, 71% used [0x0000000080e00000,0x00000000ac421170,0x00000000bd480000)
 Metaspace       used 37592K, capacity 39841K, committed 40052K, reserved 1083392K
  class space    used 5076K, capacity 5428K, committed 5504K, reserved 1048576K

Card table byte_map: [0x0000000012190000,0x0000000012590000] byte_map_base: 0x0000000011d89000

Marking Bits: (ParMarkBitMap*) 0x00000000711fc720
 Begin Bits: [0x0000000013040000, 0x0000000015008000)
 End Bits:   [0x0000000015008000, 0x0000000016fd0000)

Polling page: 0x0000000000b40000

CodeCache: size=245760Kb used=19897Kb max_used=19918Kb free=225862Kb
 bounds [0x0000000002dd0000, 0x0000000004160000, 0x0000000011dd0000]
 total_blobs=7038 nmethods=6068 adapters=880
 compilation: enabled

Compilation events (10 events):
Event: 42.524 Thread 0x0000000019d18800 7075       3       com.jme3.shader.UniformBindingManager::newFrame (29 bytes)
Event: 42.524 Thread 0x0000000019d18800 nmethod 7075 0x0000000004155310 code [0x00000000041554e0, 0x0000000004155b98]
Event: 42.524 Thread 0x0000000019d18800 7076       3       com.jme3.system.NanoTimer::getTimeInSeconds (9 bytes)
Event: 42.524 Thread 0x0000000019d18800 nmethod 7076 0x000000000414bf10 code [0x000000000414c0a0, 0x000000000414c290]
Event: 42.543 Thread 0x0000000019d0e000 7077       4       org.lwjgl.MemoryUtil::getAddress (9 bytes)
Event: 42.543 Thread 0x0000000019d07000 7078       4       org.lwjgl.MemoryUtil::getAddress (8 bytes)
Event: 42.544 Thread 0x0000000019d07000 nmethod 7078 0x00000000040e3490 code [0x00000000040e35c0, 0x00000000040e3638]
Event: 42.544 Thread 0x0000000019d0e000 nmethod 7077 0x000000000414bc90 code [0x000000000414bdc0, 0x000000000414be38]
Event: 42.556 Thread 0x0000000019d0b000 7079       4       java.util.ArrayList$Itr::<init> (6 bytes)
Event: 42.556 Thread 0x0000000019d0b000 nmethod 7079 0x0000000004158910 code [0x0000000004158a40, 0x0000000004158ad8]

GC Heap History (10 events):
Event: 31.182 GC heap before
{Heap before GC invocations=60 (full 6):
 PSYoungGen      total 532992K, used 532843K [0x00000000d5a00000, 0x0000000100000000, 0x0000000100000000)
  eden space 444416K, 100% used [0x00000000d5a00000,0x00000000f0c00000,0x00000000f0c00000)
  from space 88576K, 99% used [0x00000000f0c00000,0x00000000f625aed0,0x00000000f6280000)
  to   space 130048K, 0% used [0x00000000f8100000,0x00000000f8100000,0x0000000100000000)
 ParOldGen       total 593920K, used 470556K [0x0000000080e00000, 0x00000000a5200000, 0x00000000d5a00000)
  object space 593920K, 79% used [0x0000000080e00000,0x000000009d987140,0x00000000a5200000)
 Metaspace       used 37028K, capacity 39309K, committed 39540K, reserved 1083392K
  class space    used 5054K, capacity 5424K, committed 5504K, reserved 1048576K
Event: 31.231 GC heap after
Heap after GC invocations=60 (full 6):
 PSYoungGen      total 563200K, used 78877K [0x00000000d5a00000, 0x0000000100000000, 0x0000000100000000)
  eden space 433152K, 0% used [0x00000000d5a00000,0x00000000d5a00000,0x00000000f0100000)
  from space 130048K, 60% used [0x00000000f8100000,0x00000000fce07488,0x0000000100000000)
  to   space 130560K, 0% used [0x00000000f0100000,0x00000000f0100000,0x00000000f8080000)
 ParOldGen       total 593920K, used 489515K [0x0000000080e00000, 0x00000000a5200000, 0x00000000d5a00000)
  object space 593920K, 82% used [0x0000000080e00000,0x000000009ec0ad38,0x00000000a5200000)
 Metaspace       used 37028K, capacity 39309K, committed 39540K, reserved 1083392K
  class space    used 5054K, capacity 5424K, committed 5504K, reserved 1048576K
}
Event: 31.562 GC heap before
{Heap before GC invocations=61 (full 6):
 PSYoungGen      total 563200K, used 512029K [0x00000000d5a00000, 0x0000000100000000, 0x0000000100000000)
  eden space 433152K, 100% used [0x00000000d5a00000,0x00000000f0100000,0x00000000f0100000)
  from space 130048K, 60% used [0x00000000f8100000,0x00000000fce07488,0x0000000100000000)
  to   space 130560K, 0% used [0x00000000f0100000,0x00000000f0100000,0x00000000f8080000)
 ParOldGen       total 593920K, used 489515K [0x0000000080e00000, 0x00000000a5200000, 0x00000000d5a00000)
  object space 593920K, 82% used [0x0000000080e00000,0x000000009ec0ad38,0x00000000a5200000)
 Metaspace       used 37028K, capacity 39309K, committed 39540K, reserved 1083392K
  class space    used 5054K, capacity 5424K, committed 5504K, reserved 1048576K
Event: 31.611 GC heap after
Heap after GC invocations=61 (full 6):
 PSYoungGen      total 503296K, used 70063K [0x00000000d5a00000, 0x00000000ffa80000, 0x0000000100000000)
  eden space 433152K, 0% used [0x00000000d5a00000,0x00000000d5a00000,0x00000000f0100000)
  from space 70144K, 99% used [0x00000000f0100000,0x00000000f456bf00,0x00000000f4580000)
  to   space 127488K, 0% used [0x00000000f7e00000,0x00000000f7e00000,0x00000000ffa80000)
 ParOldGen       total 593920K, used 507227K [0x0000000080e00000, 0x00000000a5200000, 0x00000000d5a00000)
  object space 593920K, 85% used [0x0000000080e00000,0x000000009fd56e70,0x00000000a5200000)
 Metaspace       used 37028K, capacity 39309K, committed 39540K, reserved 1083392K
  class space    used 5054K, capacity 5424K, committed 5504K, reserved 1048576K
}
Event: 31.925 GC heap before
{Heap before GC invocations=62 (full 6):
 PSYoungGen      total 503296K, used 503215K [0x00000000d5a00000, 0x00000000ffa80000, 0x0000000100000000)
  eden space 433152K, 100% used [0x00000000d5a00000,0x00000000f0100000,0x00000000f0100000)
  from space 70144K, 99% used [0x00000000f0100000,0x00000000f456bf00,0x00000000f4580000)
  to   space 127488K, 0% used [0x00000000f7e00000,0x00000000f7e00000,0x00000000ffa80000)
 ParOldGen       total 593920K, used 507227K [0x0000000080e00000, 0x00000000a5200000, 0x00000000d5a00000)
  object space 593920K, 85% used [0x0000000080e00000,0x000000009fd56e70,0x00000000a5200000)
 Metaspace       used 37028K, capacity 39309K, committed 39540K, reserved 1083392K
  class space    used 5054K, capacity 5424K, committed 5504K, reserved 1048576K
Event: 31.974 GC heap after
Heap after GC invocations=62 (full 6):
 PSYoungGen      total 564736K, used 69385K [0x00000000d5a00000, 0x0000000100000000, 0x0000000100000000)
  eden space 437248K, 0% used [0x00000000d5a00000,0x00000000d5a00000,0x00000000f0500000)
  from space 127488K, 54% used [0x00000000f7e00000,0x00000000fc1c24a8,0x00000000ffa80000)
  to   space 123904K, 0% used [0x00000000f0500000,0x00000000f0500000,0x00000000f7e00000)
 ParOldGen       total 593920K, used 517534K [0x0000000080e00000, 0x00000000a5200000, 0x00000000d5a00000)
  object space 593920K, 87% used [0x0000000080e00000,0x00000000a0767988,0x00000000a5200000)
 Metaspace       used 37028K, capacity 39309K, committed 39540K, reserved 1083392K
  class space    used 5054K, capacity 5424K, committed 5504K, reserved 1048576K
}
Event: 33.707 GC heap before
{Heap before GC invocations=63 (full 6):
 PSYoungGen      total 564736K, used 506633K [0x00000000d5a00000, 0x0000000100000000, 0x0000000100000000)
  eden space 437248K, 100% used [0x00000000d5a00000,0x00000000f0500000,0x00000000f0500000)
  from space 127488K, 54% used [0x00000000f7e00000,0x00000000fc1c24a8,0x00000000ffa80000)
  to   space 123904K, 0% used [0x00000000f0500000,0x00000000f0500000,0x00000000f7e00000)
 ParOldGen       total 593920K, used 517534K [0x0000000080e00000, 0x00000000a5200000, 0x00000000d5a00000)
  object space 593920K, 87% used [0x0000000080e00000,0x00000000a0767988,0x00000000a5200000)
 Metaspace       used 37029K, capacity 39309K, committed 39540K, reserved 1083392K
  class space    used 5054K, capacity 5424K, committed 5504K, reserved 1048576K
Event: 33.939 GC heap after
Heap after GC invocations=63 (full 6):
 PSYoungGen      total 561152K, used 123877K [0x00000000d5a00000, 0x0000000100000000, 0x0000000100000000)
  eden space 437248K, 0% used [0x00000000d5a00000,0x00000000d5a00000,0x00000000f0500000)
  from space 123904K, 99% used [0x00000000f0500000,0x00000000f7df9750,0x00000000f7e00000)
  to   space 133120K, 0% used [0x00000000f7e00000,0x00000000f7e00000,0x0000000100000000)
 ParOldGen       total 722432K, used 722071K [0x0000000080e00000, 0x00000000acf80000, 0x00000000d5a00000)
  object space 722432K, 99% used [0x0000000080e00000,0x00000000acf25ea8,0x00000000acf80000)
 Metaspace       used 37029K, capacity 39309K, committed 39540K, reserved 1083392K
  class space    used 5054K, capacity 5424K, committed 5504K, reserved 1048576K
}
Event: 33.939 GC heap before
{Heap before GC invocations=64 (full 7):
 PSYoungGen      total 561152K, used 123877K [0x00000000d5a00000, 0x0000000100000000, 0x0000000100000000)
  eden space 437248K, 0% used [0x00000000d5a00000,0x00000000d5a00000,0x00000000f0500000)
  from space 123904K, 99% used [0x00000000f0500000,0x00000000f7df9750,0x00000000f7e00000)
  to   space 133120K, 0% used [0x00000000f7e00000,0x00000000f7e00000,0x0000000100000000)
 ParOldGen       total 722432K, used 722071K [0x0000000080e00000, 0x00000000acf80000, 0x00000000d5a00000)
  object space 722432K, 99% used [0x0000000080e00000,0x00000000acf25ea8,0x00000000acf80000)
 Metaspace       used 37029K, capacity 39309K, committed 39540K, reserved 1083392K
  class space    used 5054K, capacity 5424K, committed 5504K, reserved 1048576K
Event: 37.032 GC heap after
Heap after GC invocations=64 (full 7):
 PSYoungGen      total 561152K, used 107439K [0x00000000d5a00000, 0x0000000100000000, 0x0000000100000000)
  eden space 437248K, 0% used [0x00000000d5a00000,0x00000000d5a00000,0x00000000f0500000)
  from space 123904K, 86% used [0x00000000f0500000,0x00000000f6debcb0,0x00000000f7e00000)
  to   space 133120K, 0% used [0x00000000f7e00000,0x00000000f7e00000,0x0000000100000000)
 ParOldGen       total 989696K, used 710788K [0x0000000080e00000, 0x00000000bd480000, 0x00000000d5a00000)
  object space 989696K, 71% used [0x0000000080e00000,0x00000000ac421170,0x00000000bd480000)
 Metaspace       used 37029K, capacity 39309K, committed 39540K, reserved 1083392K
  class space    used 5054K, capacity 5424K, committed 5504K, reserved 1048576K
}

Deoptimization events (10 events):
Event: 40.209 Thread 0x000000001aaf7800 Uncommon trap: reason=array_check action=maybe_recompile pc=0x00000000040aa1c8 method=com.jme3.util.ListSort.binaryInsertionSort([Ljava/lang/Object;IIILjava/util/Comparator;)V @ 155
Event: 40.209 Thread 0x000000001aaf7800 Uncommon trap: reason=array_check action=maybe_recompile pc=0x00000000040cd8c0 method=com.jme3.util.ListSort.binaryInsertionSort([Ljava/lang/Object;IIILjava/util/Comparator;)V @ 133
Event: 40.210 Thread 0x000000001aaf7800 Uncommon trap: reason=array_check action=maybe_recompile pc=0x00000000040aa1c8 method=com.jme3.util.ListSort.binaryInsertionSort([Ljava/lang/Object;IIILjava/util/Comparator;)V @ 155
Event: 40.220 Thread 0x000000001aaf7800 Uncommon trap: reason=array_check action=maybe_recompile pc=0x00000000040cbca4 method=com.jme3.util.ListSort.binaryInsertionSort([Ljava/lang/Object;IIILjava/util/Comparator;)V @ 123
Event: 40.220 Thread 0x000000001aaf7800 Uncommon trap: reason=array_check action=maybe_recompile pc=0x00000000040cbca4 method=com.jme3.util.ListSort.binaryInsertionSort([Ljava/lang/Object;IIILjava/util/Comparator;)V @ 123
Event: 42.098 Thread 0x000000001aaf7800 Uncommon trap: reason=unstable_if action=reinterpret pc=0x0000000003776b78 method=com.jme3.math.Vector3f.equals(Ljava/lang/Object;)Z @ 64
Event: 42.124 Thread 0x000000001aaf7800 Uncommon trap: reason=null_check action=make_not_entrant pc=0x00000000040b2974 method=com.jme3.material.TechniqueDef.getShader(Lcom/jme3/asset/AssetManager;Ljava/util/EnumSet;Lcom/jme3/shader/DefineList;)Lcom/jme3/shader/Shader; @ 8
Event: 42.124 Thread 0x000000001aaf7800 Uncommon trap: reason=null_check action=make_not_entrant pc=0x0000000003ea12cc method=java.lang.Float.equals(Ljava/lang/Object;)Z @ 1
Event: 42.199 Thread 0x000000001aaf7800 Uncommon trap: reason=unstable_if action=reinterpret pc=0x0000000003b73868 method=com.jme3.scene.Spatial.checkCulling(Lcom/jme3/renderer/Camera;)Z @ 126
Event: 42.199 Thread 0x000000001aaf7800 Uncommon trap: reason=unstable_if action=reinterpret pc=0x000000000322224c method=com.jme3.scene.Spatial.checkCulling(Lcom/jme3/renderer/Camera;)Z @ 126

Internal exceptions (10 events):
Event: 1.158 Thread 0x000000001aaf7800 Exception <a 'org/lwjgl/LWJGLException'> (0x00000000d652bd18) thrown at [C:\re\workspace\8-2-build-windows-amd64-cygwin\jdk8u131\8869\hotspot\src\share\vm\prims\jni.cpp, line 709]
Event: 1.158 Thread 0x000000001aaf7800 Exception <a 'org/lwjgl/LWJGLException'> (0x00000000d652c450) thrown at [C:\re\workspace\8-2-build-windows-amd64-cygwin\jdk8u131\8869\hotspot\src\share\vm\prims\jni.cpp, line 709]
Event: 3.252 Thread 0x000000001aaf7000 Implicit null exception at 0x000000000354f2ca to 0x000000000354f5b9
Event: 8.749 Thread 0x000000001aaf7800 Exception <a 'java/lang/ClassNotFoundException': sun/net/www/protocol/f/Handler> (0x00000000d5b20f38) thrown at [C:\re\workspace\8-2-build-windows-amd64-cygwin\jdk8u131\8869\hotspot\src\share\vm\classfile\systemDictionary.cpp, line 210]
Event: 8.750 Thread 0x000000001aaf7800 Exception <a 'java/lang/ClassNotFoundException': sun/net/www/protocol/f/Handler> (0x00000000d5b28fb8) thrown at [C:\re\workspace\8-2-build-windows-amd64-cygwin\jdk8u131\8869\hotspot\src\share\vm\classfile\systemDictionary.cpp, line 210]
Event: 9.519 Thread 0x000000001aaf7800 Exception <a 'java/lang/ClassNotFoundException': sun/net/www/protocol/d/Handler> (0x00000000dfe85b18) thrown at [C:\re\workspace\8-2-build-windows-amd64-cygwin\jdk8u131\8869\hotspot\src\share\vm\classfile\systemDictionary.cpp, line 210]
Event: 9.519 Thread 0x000000001aaf7800 Exception <a 'java/lang/ClassNotFoundException': sun/net/www/protocol/d/Handler> (0x00000000dfe8c8a8) thrown at [C:\re\workspace\8-2-build-windows-amd64-cygwin\jdk8u131\8869\hotspot\src\share\vm\classfile\systemDictionary.cpp, line 210]
Event: 32.035 Thread 0x000000001aaf7800 Implicit null exception at 0x0000000003c89341 to 0x0000000003c89fc9
Event: 32.035 Thread 0x000000001aaf7800 Implicit null exception at 0x000000000390569a to 0x0000000003905799
Event: 42.124 Thread 0x000000001aaf7800 Implicit null exception at 0x0000000003ea124c to 0x0000000003ea12bd

Events (10 events):
Event: 42.124 Thread 0x000000001aaf7800 DEOPT PACKING pc=0x0000000003ea12cc sp=0x000000001fb3ee50
Event: 42.124 Thread 0x000000001aaf7800 DEOPT UNPACKING pc=0x0000000002e1582a sp=0x000000001fb3ede8 mode 2
Event: 42.199 Thread 0x000000001aaf7800 Uncommon trap: trap_request=0xffffff65 fr.pc=0x0000000003b73868
Event: 42.199 Thread 0x000000001aaf7800 DEOPT PACKING pc=0x0000000003b73868 sp=0x000000001fb3f230
Event: 42.199 Thread 0x000000001aaf7800 DEOPT UNPACKING pc=0x0000000002e1582a sp=0x000000001fb3f188 mode 2
Event: 42.199 Thread 0x000000001aaf7800 Uncommon trap: trap_request=0xffffff65 fr.pc=0x000000000322224c
Event: 42.199 Thread 0x000000001aaf7800 DEOPT PACKING pc=0x000000000322224c sp=0x000000001fb3f1b0
Event: 42.199 Thread 0x000000001aaf7800 DEOPT UNPACKING pc=0x0000000002e1582a sp=0x000000001fb3f178 mode 2
Event: 42.556 loading class java/util/ArrayList$1
Event: 42.556 loading class java/util/ArrayList$1 done


Dynamic libraries:
0x00007ff775c20000 - 0x00007ff775c57000 	C:\Program Files\Java\jre1.8.0_131\bin\javaw.exe
0x00007ffcca340000 - 0x00007ffcca511000 	C:\WINDOWS\SYSTEM32\ntdll.dll
0x00007ffcc7c40000 - 0x00007ffcc7cec000 	C:\WINDOWS\System32\KERNEL32.DLL
0x00007ffcc7200000 - 0x00007ffcc741d000 	C:\WINDOWS\System32\KERNELBASE.dll
0x00007ffcc9bb0000 - 0x00007ffcc9c52000 	C:\WINDOWS\System32\ADVAPI32.dll
0x00007ffcca2a0000 - 0x00007ffcca33e000 	C:\WINDOWS\System32\msvcrt.dll
0x00007ffcc8400000 - 0x00007ffcc8459000 	C:\WINDOWS\System32\sechost.dll
0x00007ffcca110000 - 0x00007ffcca231000 	C:\WINDOWS\System32\RPCRT4.dll
0x00007ffcc78d0000 - 0x00007ffcc7a35000 	C:\WINDOWS\System32\USER32.dll
0x00007ffcc75a0000 - 0x00007ffcc75be000 	C:\WINDOWS\System32\win32u.dll
0x00007ffcc7c00000 - 0x00007ffcc7c34000 	C:\WINDOWS\System32\GDI32.dll
0x00007ffcc7420000 - 0x00007ffcc75a0000 	C:\WINDOWS\System32\gdi32full.dll
0x00007ffcbd7d0000 - 0x00007ffcbda4a000 	C:\WINDOWS\WinSxS\amd64_microsoft.windows.common-controls_6595b64144ccf1df_6.0.14393.953_none_42151e83c686086b\COMCTL32.dll
0x00007ffcc9c60000 - 0x00007ffcc9f28000 	C:\WINDOWS\System32\combase.dll
0x00007ffcc75c0000 - 0x00007ffcc76b5000 	C:\WINDOWS\System32\ucrtbase.dll
0x00007ffcc68e0000 - 0x00007ffcc694a000 	C:\WINDOWS\System32\bcryptPrimitives.dll
0x00007ffcc7ba0000 - 0x00007ffcc7bce000 	C:\WINDOWS\System32\IMM32.DLL
0x0000000071280000 - 0x0000000071352000 	C:\Program Files\Java\jre1.8.0_131\bin\msvcr100.dll
0x00000000709e0000 - 0x000000007127c000 	C:\Program Files\Java\jre1.8.0_131\bin\server\jvm.dll
0x00007ffcc7bd0000 - 0x00007ffcc7bd8000 	C:\WINDOWS\System32\PSAPI.DLL
0x00007ffcc4780000 - 0x00007ffcc47a3000 	C:\WINDOWS\SYSTEM32\WINMM.dll
0x00007ffcc2ab0000 - 0x00007ffcc2ab9000 	C:\WINDOWS\SYSTEM32\WSOCK32.dll
0x00007ffcc1fc0000 - 0x00007ffcc1fca000 	C:\WINDOWS\SYSTEM32\VERSION.dll
0x00007ffcca0a0000 - 0x00007ffcca10a000 	C:\WINDOWS\System32\WS2_32.dll
0x00007ffcc4660000 - 0x00007ffcc468b000 	C:\WINDOWS\SYSTEM32\WINMMBASE.dll
0x00007ffcc77d0000 - 0x00007ffcc7812000 	C:\WINDOWS\System32\cfgmgr32.dll
0x00000000709d0000 - 0x00000000709df000 	C:\Program Files\Java\jre1.8.0_131\bin\verify.dll
0x00000000709a0000 - 0x00000000709c9000 	C:\Program Files\Java\jre1.8.0_131\bin\java.dll
0x0000000070980000 - 0x0000000070996000 	C:\Program Files\Java\jre1.8.0_131\bin\zip.dll
0x00007ffcc86a0000 - 0x00007ffcc9ba8000 	C:\WINDOWS\System32\SHELL32.dll
0x00007ffcc6b20000 - 0x00007ffcc71fa000 	C:\WINDOWS\System32\windows.storage.dll
0x00007ffcc67e0000 - 0x00007ffcc682c000 	C:\WINDOWS\System32\powrprof.dll
0x00007ffcca240000 - 0x00007ffcca292000 	C:\WINDOWS\System32\shlwapi.dll
0x00007ffcc67b0000 - 0x00007ffcc67bf000 	C:\WINDOWS\System32\kernel.appcore.dll
0x00007ffcc76c0000 - 0x00007ffcc7769000 	C:\WINDOWS\System32\shcore.dll
0x00007ffcc67c0000 - 0x00007ffcc67d4000 	C:\WINDOWS\System32\profapi.dll
0x00007ffca57a0000 - 0x00007ffca588f000 	C:\Program Files\Java\jre1.8.0_131\bin\msvcr120.dll
0x00007ffcad160000 - 0x00007ffcad206000 	C:\Program Files\Java\jre1.8.0_131\bin\msvcp120.dll
0x00000000708d0000 - 0x00000000708f2000 	C:\Program Files\Java\jre1.8.0_131\bin\prism_d3d.dll
0x00007ffca4130000 - 0x00007ffca42bd000 	C:\WINDOWS\system32\d3d9.dll
0x00007ffcc45a0000 - 0x00007ffcc45c6000 	C:\WINDOWS\SYSTEM32\dwmapi.dll
0x00007ffcc4f00000 - 0x00007ffcc4f95000 	C:\WINDOWS\system32\uxtheme.dll
0x00007ffc8ff30000 - 0x00007ffc90fd3000 	C:\WINDOWS\System32\DriverStore\FileRepository\nvam.inf_amd64_2a2677cab3444084\nvd3dumx.dll
0x0000000070730000 - 0x00000000708c8000 	C:\Program Files\Java\jre1.8.0_131\bin\awt.dll
0x00007ffcc8340000 - 0x00007ffcc83ff000 	C:\WINDOWS\System32\OLEAUT32.dll
0x00007ffcc6840000 - 0x00007ffcc68dc000 	C:\WINDOWS\System32\msvcp_win.dll
0x00007ffcc4d20000 - 0x00007ffcc4d9a000 	C:\WINDOWS\SYSTEM32\apphelp.dll
0x00007ffca4490000 - 0x00007ffca45b3000 	C:\WINDOWS\system32\opengl32.dll
0x00007ffca3d90000 - 0x00007ffca3e87000 	C:\WINDOWS\SYSTEM32\DDRAW.dll
0x00007ffcc2170000 - 0x00007ffcc219d000 	C:\WINDOWS\SYSTEM32\GLU32.dll
0x00007ffcc47c0000 - 0x00007ffcc47c8000 	C:\WINDOWS\SYSTEM32\DCIMAN32.dll
0x00007ffcc7a40000 - 0x00007ffcc7b9a000 	C:\WINDOWS\System32\MSCTF.dll
0x00007ffcc8560000 - 0x00007ffcc8698000 	C:\WINDOWS\System32\ole32.dll
0x00007ffcc1950000 - 0x00007ffcc1a36000 	C:\Program Files (x86)\NVIDIA Corporation\3D Vision\nvSCPAPI64.dll
0x00007ffcc7cf0000 - 0x00007ffcc8119000 	C:\WINDOWS\System32\SETUPAPI.dll
0x00007ffcb9ce0000 - 0x00007ffcb9eb7000 	C:\WINDOWS\system32\nvspcap64.dll
0x00007ffcc3fc0000 - 0x00007ffcc3fd3000 	C:\WINDOWS\SYSTEM32\WTSAPI32.dll
0x00007ffcbd340000 - 0x00007ffcbd40d000 	C:\WINDOWS\SYSTEM32\WINHTTP.dll
0x00007ffcbfbf0000 - 0x00007ffcbffcc000 	C:\WINDOWS\system32\nvapi64.dll
0x00007ffcc5700000 - 0x00007ffcc579f000 	C:\WINDOWS\SYSTEM32\dxgi.dll
0x00000000673c0000 - 0x0000000068600000 	F:\软件设计\software\LuoYing-master\ly-editor\bulletjme.dll
0x0000000180000000 - 0x0000000180064000 	F:\软件设计\software\LuoYing-master\ly-editor\OpenAL64.dll
0x0000000020ad0000 - 0x0000000020b23000 	F:\软件设计\software\LuoYing-master\ly-editor\lwjgl64.dll
0x00000000706e0000 - 0x0000000070727000 	C:\Program Files\Java\jre1.8.0_131\bin\fontmanager.dll
0x000000006e870000 - 0x00000000706d8000 	C:\WINDOWS\SYSTEM32\nvoglv64.DLL
0x00007ffcc2870000 - 0x00007ffcc2a02000 	C:\WINDOWS\SYSTEM32\dbghelp.dll
0x00007ffcc5400000 - 0x00007ffcc5428000 	C:\WINDOWS\SYSTEM32\DEVOBJ.dll
0x00007ffcc7770000 - 0x00007ffcc77c5000 	C:\WINDOWS\System32\WINTRUST.dll
0x00007ffcc6830000 - 0x00007ffcc6840000 	C:\WINDOWS\System32\MSASN1.dll
0x00007ffcc6950000 - 0x00007ffcc6b19000 	C:\WINDOWS\System32\CRYPT32.dll
0x00007ffcc5b80000 - 0x00007ffcc5bb2000 	C:\WINDOWS\SYSTEM32\ntmarta.dll
0x000000006e820000 - 0x000000006e863000 	C:\Program Files\Java\jre1.8.0_131\bin\glass.dll
0x00007ffcc9f90000 - 0x00007ffcca08a000 	C:\WINDOWS\System32\COMDLG32.dll
0x000000006e800000 - 0x000000006e814000 	C:\Program Files\Java\jre1.8.0_131\bin\javafx_font.dll
0x00007ffcc6260000 - 0x00007ffcc6277000 	C:\WINDOWS\SYSTEM32\CRYPTSP.dll
0x00007ffcc5cb0000 - 0x00007ffcc5ce3000 	C:\WINDOWS\system32\rsaenh.dll
0x00007ffcc66f0000 - 0x00007ffcc671b000 	C:\WINDOWS\SYSTEM32\bcrypt.dll
0x00007ffcc5f30000 - 0x00007ffcc5f4f000 	C:\WINDOWS\SYSTEM32\USERENV.dll
0x00007ffcbe890000 - 0x00007ffcbeaf9000 	C:\WINDOWS\SYSTEM32\dwrite.dll
0x00007ffcc6250000 - 0x00007ffcc625b000 	C:\WINDOWS\SYSTEM32\CRYPTBASE.dll
0x00007ffcc58e0000 - 0x00007ffcc5936000 	C:\WINDOWS\SYSTEM32\WINSTA.dll
0x0000000070960000 - 0x000000007097a000 	C:\Program Files\Java\jre1.8.0_131\bin\net.dll
0x00007ffcc60b0000 - 0x00007ffcc610c000 	C:\WINDOWS\system32\mswsock.dll
0x00007ffcc5e30000 - 0x00007ffcc5e68000 	C:\WINDOWS\SYSTEM32\IPHLPAPI.DLL
0x00007ffcca090000 - 0x00007ffcca098000 	C:\WINDOWS\System32\NSI.dll
0x00007ffcc20d0000 - 0x00007ffcc20e6000 	C:\WINDOWS\SYSTEM32\dhcpcsvc6.DLL
0x00007ffcc20b0000 - 0x00007ffcc20ca000 	C:\WINDOWS\SYSTEM32\dhcpcsvc.DLL
0x00007ffcc84c0000 - 0x00007ffcc855f000 	C:\WINDOWS\System32\clbcatq.dll
0x00007ffcc3d60000 - 0x00007ffcc3f08000 	C:\WINDOWS\SYSTEM32\WindowsCodecs.dll
0x00007ffcb67c0000 - 0x00007ffcb6809000 	C:\WINDOWS\system32\dataexchange.dll
0x00007ffcc32c0000 - 0x00007ffcc3576000 	C:\WINDOWS\system32\d3d11.dll
0x00007ffcc4870000 - 0x00007ffcc49c1000 	C:\WINDOWS\system32\dcomp.dll
0x00007ffcc51d0000 - 0x00007ffcc52ec000 	C:\WINDOWS\system32\twinapi.appcore.dll
0x0000000070940000 - 0x0000000070951000 	C:\Program Files\Java\jre1.8.0_131\bin\nio.dll
0x00007ffcc1530000 - 0x00007ffcc15a1000 	C:\WINDOWS\System32\MMDevApi.dll
0x00007ffcc4250000 - 0x00007ffcc43d5000 	C:\WINDOWS\System32\PROPSYS.dll
0x00007ffcabf30000 - 0x00007ffcabfcb000 	C:\WINDOWS\SYSTEM32\dsound.dll
0x00007ffca55a0000 - 0x00007ffca5634000 	C:\WINDOWS\SYSTEM32\AUDIOSES.DLL
0x00007ffcc3580000 - 0x00007ffcc36b6000 	C:\WINDOWS\SYSTEM32\wintypes.dll
0x000000006e7f0000 - 0x000000006e7f7000 	C:\Program Files\Java\jre1.8.0_131\bin\jawt.dll
0x000000006e7d0000 - 0x000000006e7e1000 	C:\Program Files\Java\jre1.8.0_131\bin\prism_common.dll
0x000000006e790000 - 0x000000006e7c1000 	C:\Program Files\Java\jre1.8.0_131\bin\jpeg.dll
0x000000006e6d0000 - 0x000000006e70c000 	C:\Program Files\Java\jre1.8.0_131\bin\lcms.dll

VM Arguments:
jvm_args: -Dfile.encoding=UTF-8 
java_command: name.huliqing.editor.Starter
java_class_path (initial): F:\软件设计\software\LuoYing-master\ly-editor\bin;F:\软件设计\software\LuoYing-master\ly-editor\libs\commons-io-2.5.jar;F:\软件设计\software\LuoYing-master\ly-editor\libs-jme\cai-nmgen-0.2.0.jar;F:\软件设计\software\LuoYing-master\ly-editor\libs-jme\j-ogg-all-1.0.0.jar;F:\软件设计\software\LuoYing-master\ly-editor\libs-jme\jinput-2.0.5.jar;F:\软件设计\software\LuoYing-master\ly-editor\libs-jme\jme3-bullet-3.1.0-stable.jar;F:\软件设计\software\LuoYing-master\ly-editor\libs-jme\jme3-core-3.1.0-stable.jar;F:\软件设计\software\LuoYing-master\ly-editor\libs-jme\jme3-desktop-3.1.0-stable.jar;F:\软件设计\software\LuoYing-master\ly-editor\libs-jme\jme3-effects-3.1.0-stable.jar;F:\软件设计\software\LuoYing-master\ly-editor\libs-jme\jme3-jogg-3.1.0-stable.jar;F:\软件设计\software\LuoYing-master\ly-editor\libs-jme\jme3-lwjgl-3.1.0-stable.jar;F:\软件设计\software\LuoYing-master\ly-editor\libs-jme\jme3-networking-3.1.0-stable.jar;F:\软件设计\software\LuoYing-master\ly-editor\libs-jme\jme3-plugins-3.1.0-stable.jar;F:\软件设计\software\LuoYing-master\ly-editor\libs-jme\jme3-terrain-3.1.0-stable.jar;F:\软件设计\software\LuoYing-master\ly-editor\libs-jme\jME3.1-ai.jar;F:\软件设计\software\LuoYing-master\ly-editor\libs-jme\jutils-1.0.0.jar;F:\软件设计\software\LuoYing-master\ly-editor\libs-jme\lwjgl-2.9.3.jar;F:\软件设计\software\LuoYing-master\ly-editor\libs-jme\ShaderBlow.jar;F:\软件设计\software\LuoYing-master\ly-editor\libs-ly\luoying-el-api-2.2.1-b04.jar;F:\软件设计\software\LuoYing-master\ly-editor\libs-ly\luoying-jasper-el-7.0.39.2.jar;F:\软件设计\software\LuoYing-master\ly-kernel\bin;H:\软件\green\eclipse\plugins\org.junit_4.12.0.v201504281640\junit.jar;H:\软件\green\eclipse\plugins\org.hamcrest.core_1.3.0.v201303031735.jar
Launcher Type: SUN_STANDARD

Environment Variables:
JAVA_HOME=C:\Java\jdk1.7.0_79
PATH=C:\ProgramData\Oracle\Java\javapath;C:\Program Files (x86)\Intel\iCLS Client\;C:\Program Files\Intel\iCLS Client\;C:\Windows\system32;C:\Windows;C:\Windows\System32\Wbem;C:\Windows\System32\WindowsPowerShell\v1.0\;C:\Program Files\Intel\WiFi\bin\;C:\Program Files\Common Files\Intel\WirelessCommon\;C:\Program Files (x86)\NVIDIA Corporation\PhysX\Common;C:\Program Files (x86)\Intel\Intel(R) Management Engine Components\DAL;C:\Program Files\Intel\Intel(R) Management Engine Components\DAL;C:\Program Files (x86)\Intel\Intel(R) Management Engine Components\IPT;C:\Program Files\Intel\Intel(R) Management Engine Components\IPT;C:\WINDOWS\system32;C:\WINDOWS;C:\WINDOWS\System32\Wbem;C:\WINDOWS\System32\WindowsPowerShell\v1.0\;C:\Program Files\Common Files\Autodesk Shared\;C:\Program Files (x86)\Autodesk\Backburner\;C:\Program Files (x86)\MySQL\MySQL Fabric 1.5.2 & MySQL Utilities 1.5.2 1.5\;C:\Program Files (x86)\MySQL\MySQL Fabric 1.5.2 & MySQL Utilities 1.5.2 1.5\Doctrine extensions for PHP\;D:\software\gradle-3.2.1/bin;C:\Java\jdk1.7.0_79/bin;H:\Apache24\php-5.6.30-Win32-VC11-x64;H:\Program Files\TortoiseSVN\bin;C:\Users\huaxi\AppData\Local\Microsoft\WindowsApps;H:\软件\instantclient-basic-windows.x64-12.1.0.1.0\instantclient_12_1;
USERNAME=huaxi
OS=Windows_NT
PROCESSOR_IDENTIFIER=Intel64 Family 6 Model 94 Stepping 3, GenuineIntel



---------------  S Y S T E M  ---------------

OS: Windows 10.0 , 64 bit Build 14393 (10.0.14393.1198)

CPU:total 8 (initial active 8) (4 cores per cpu, 2 threads per core) family 6 model 94 stepping 3, cmov, cx8, fxsr, mmx, sse, sse2, sse3, ssse3, sse4.1, sse4.2, popcnt, avx, avx2, aes, clmul, erms, rtm, 3dnowpref, lzcnt, ht, tsc, tscinvbit, bmi1, bmi2, adx

Memory: 4k page, physical 8323080k(2930716k free), swap 14090248k(5258344k free)

vm_info: Java HotSpot(TM) 64-Bit Server VM (25.131-b11) for windows-amd64 JRE (1.8.0_131-b11), built on Mar 15 2017 01:23:53 by "java_re" with MS VC++ 10.0 (VS2010)

time: Wed Jul 19 23:04:44 2017
elapsed time: 42 seconds (0d 0h 0m 42s)

